<?xml version="1.0" encoding="UTF-8"?>
<!-- Generated by org.testng.reporters.JUnitReportReporter -->
<testsuite skipped="0" hostname="COTLAP066" name="com.qa.assignment.Home.HomeTest" tests="2" failures="0" timestamp="05 Jul 2021 05:10:29 GMT" time="36.515" errors="0">
  <testcase name="TestListofTags" time="31.279" classname="com.qa.assignment.Home.HomeTest"/>
  <testcase name="TestListofarticles" time="5.236" classname="com.qa.assignment.Home.HomeTest"/>
</testsuite> <!-- com.qa.assignment.Home.HomeTest -->
