<?xml version="1.0" encoding="UTF-8"?>
<!-- Generated by org.testng.reporters.JUnitReportReporter -->
<testsuite skipped="0" hostname="COTLAP066" name="com.qa.assignment.article.ArticleTest" tests="1" failures="0" timestamp="05 Jul 2021 05:10:29 GMT" time="35.639" errors="0">
  <testcase name="TestCreateAtrticle" time="35.639" classname="com.qa.assignment.article.ArticleTest"/>
</testsuite> <!-- com.qa.assignment.article.ArticleTest -->
