<?xml version="1.0" encoding="UTF-8"?>
<!-- Generated by org.testng.reporters.JUnitReportReporter -->
<testsuite skipped="0" hostname="COTLAP066" name="com.qa.assignment.Home.ListofArticleTest" tests="2" failures="0" timestamp="05 Jul 2021 05:10:29 GMT" time="43.331" errors="0">
  <testcase name="TestListofArticles" time="22.473" classname="com.qa.assignment.Home.ListofArticleTest"/>
  <testcase name="TestPagenation" time="20.858" classname="com.qa.assignment.Home.ListofArticleTest"/>
</testsuite> <!-- com.qa.assignment.Home.ListofArticleTest -->
