<?xml version="1.0" encoding="UTF-8"?>
<!-- Generated by org.testng.reporters.JUnitReportReporter -->
<testsuite skipped="0" hostname="COTLAP066" name="com.qa.assignment.settings.SettingsTest" tests="1" failures="0" timestamp="05 Jul 2021 05:10:29 GMT" time="19.904" errors="0">
  <testcase name="TestSettings" time="19.904" classname="com.qa.assignment.settings.SettingsTest"/>
</testsuite> <!-- com.qa.assignment.settings.SettingsTest -->
