<?xml version="1.0" encoding="UTF-8"?>
<!-- Generated by org.testng.reporters.JUnitReportReporter -->
<testsuite skipped="0" hostname="COTLAP066" name="com.qa.assignment.article.DeleteCommentTest" tests="1" failures="0" timestamp="05 Jul 2021 05:10:29 GMT" time="38.967" errors="0">
  <testcase name="TestDeletecomment" time="38.967" classname="com.qa.assignment.article.DeleteCommentTest"/>
</testsuite> <!-- com.qa.assignment.article.DeleteCommentTest -->
