<?xml version="1.0" encoding="UTF-8"?>
<!-- Generated by org.testng.reporters.JUnitReportReporter -->
<testsuite skipped="0" hostname="COTLAP066" name="com.qa.assignment.Home.BaseUserinfoTest" tests="1" failures="0" timestamp="05 Jul 2021 05:10:29 GMT" time="20.266" errors="0">
  <testcase name="TestListofTags" time="20.266" classname="com.qa.assignment.Home.BaseUserinfoTest"/>
</testsuite> <!-- com.qa.assignment.Home.BaseUserinfoTest -->
